find_header: checking for sqlite3.h... -------------------- yes

"/usr/local/bin/gcc-4.2 -o conftest -I/Users/dave/.rvm/rubies/ruby-1.9.3-p327/include/ruby-1.9.1/x86_64-darwin12.2.0 -I/Users/dave/.rvm/rubies/ruby-1.9.3-p327/include/ruby-1.9.1/ruby/backward -I/Users/dave/.rvm/rubies/ruby-1.9.3-p327/include/ruby-1.9.1 -I. -D_XOPEN_SOURCE -D_DARWIN_C_SOURCE   -I/Users/mpapis/.sm/pkg/active/include -pipe conftest.c  -L. -L/Users/dave/.rvm/rubies/ruby-1.9.3-p327/lib -L. -Bstatic -L/Users/mpapis/.sm/pkg/active/lib   -arch x86_64   -lruby-static  -lpthread -ldl -lobjc "
/Users/dave/.rvm/rubies/ruby-1.9.3-p327/lib/ruby/1.9.1/mkmf.rb:305: warning: Insecure world writable dir /Users/dave in PATH, mode 040707
ld: warning: directory not found for option '-L/Users/mpapis/.sm/pkg/active/lib'
checked program was:
/* begin */
1: #include "ruby.h"
2: 
3: int main() {return 0;}
/* end */

"/usr/local/bin/gcc-4.2 -E -I/Users/dave/.rvm/rubies/ruby-1.9.3-p327/include/ruby-1.9.1/x86_64-darwin12.2.0 -I/Users/dave/.rvm/rubies/ruby-1.9.3-p327/include/ruby-1.9.1/ruby/backward -I/Users/dave/.rvm/rubies/ruby-1.9.3-p327/include/ruby-1.9.1 -I. -D_XOPEN_SOURCE -D_DARWIN_C_SOURCE   -I/Users/mpapis/.sm/pkg/active/include -pipe  conftest.c -o conftest.i"
checked program was:
/* begin */
1: #include "ruby.h"
2: 
3: #include <sqlite3.h>
/* end */

--------------------

find_library: checking for sqlite3_libversion_number() in -lsqlite3... -------------------- yes

"/usr/local/bin/gcc-4.2 -o conftest -I/Users/dave/.rvm/rubies/ruby-1.9.3-p327/include/ruby-1.9.1/x86_64-darwin12.2.0 -I/Users/dave/.rvm/rubies/ruby-1.9.3-p327/include/ruby-1.9.1/ruby/backward -I/Users/dave/.rvm/rubies/ruby-1.9.3-p327/include/ruby-1.9.1 -I. -D_XOPEN_SOURCE -D_DARWIN_C_SOURCE   -I/Users/mpapis/.sm/pkg/active/include -pipe conftest.c  -L. -L/Users/dave/.rvm/rubies/ruby-1.9.3-p327/lib -L. -Bstatic -L/Users/mpapis/.sm/pkg/active/lib   -arch x86_64   -lruby-static -lsqlite3  -lpthread -ldl -lobjc "
conftest.c: In function ‘t’:
conftest.c:5: error: ‘sqlite3_libversion_number’ undeclared (first use in this function)
conftest.c:5: error: (Each undeclared identifier is reported only once
conftest.c:5: error: for each function it appears in.)
checked program was:
/* begin */
1: #include "ruby.h"
2: 
3: /*top*/
4: int main() {return 0;}
5: int t() { void ((*volatile p)()); p = (void ((*)()))sqlite3_libversion_number; return 0; }
/* end */

"/usr/local/bin/gcc-4.2 -o conftest -I/Users/dave/.rvm/rubies/ruby-1.9.3-p327/include/ruby-1.9.1/x86_64-darwin12.2.0 -I/Users/dave/.rvm/rubies/ruby-1.9.3-p327/include/ruby-1.9.1/ruby/backward -I/Users/dave/.rvm/rubies/ruby-1.9.3-p327/include/ruby-1.9.1 -I. -D_XOPEN_SOURCE -D_DARWIN_C_SOURCE   -I/Users/mpapis/.sm/pkg/active/include -pipe conftest.c  -L. -L/Users/dave/.rvm/rubies/ruby-1.9.3-p327/lib -L. -Bstatic -L/Users/mpapis/.sm/pkg/active/lib   -arch x86_64   -lruby-static -lsqlite3  -lpthread -ldl -lobjc "
ld: warning: directory not found for option '-L/Users/mpapis/.sm/pkg/active/lib'
checked program was:
/* begin */
1: #include "ruby.h"
2: 
3: /*top*/
4: int main() {return 0;}
5: int t() { sqlite3_libversion_number(); return 0; }
/* end */

--------------------

have_func: checking for rb_proc_arity()... -------------------- yes

"/usr/local/bin/gcc-4.2 -o conftest -I/Users/dave/.rvm/rubies/ruby-1.9.3-p327/include/ruby-1.9.1/x86_64-darwin12.2.0 -I/Users/dave/.rvm/rubies/ruby-1.9.3-p327/include/ruby-1.9.1/ruby/backward -I/Users/dave/.rvm/rubies/ruby-1.9.3-p327/include/ruby-1.9.1 -I. -D_XOPEN_SOURCE -D_DARWIN_C_SOURCE   -I/Users/mpapis/.sm/pkg/active/include -pipe conftest.c  -L. -L/Users/dave/.rvm/rubies/ruby-1.9.3-p327/lib -L. -Bstatic -L/Users/mpapis/.sm/pkg/active/lib   -arch x86_64  -lsqlite3  -lruby-static -lsqlite3  -lpthread -ldl -lobjc "
ld: warning: directory not found for option '-L/Users/mpapis/.sm/pkg/active/lib'
checked program was:
/* begin */
1: #include "ruby.h"
2: 
3: /*top*/
4: int main() {return 0;}
5: int t() { void ((*volatile p)()); p = (void ((*)()))rb_proc_arity; return 0; }
/* end */

--------------------

have_func: checking for sqlite3_initialize()... -------------------- yes

"/usr/local/bin/gcc-4.2 -o conftest -I/Users/dave/.rvm/rubies/ruby-1.9.3-p327/include/ruby-1.9.1/x86_64-darwin12.2.0 -I/Users/dave/.rvm/rubies/ruby-1.9.3-p327/include/ruby-1.9.1/ruby/backward -I/Users/dave/.rvm/rubies/ruby-1.9.3-p327/include/ruby-1.9.1 -I. -D_XOPEN_SOURCE -D_DARWIN_C_SOURCE   -I/Users/mpapis/.sm/pkg/active/include -pipe conftest.c  -L. -L/Users/dave/.rvm/rubies/ruby-1.9.3-p327/lib -L. -Bstatic -L/Users/mpapis/.sm/pkg/active/lib   -arch x86_64  -lsqlite3  -lruby-static -lsqlite3  -lpthread -ldl -lobjc "
conftest.c: In function ‘t’:
conftest.c:5: error: ‘sqlite3_initialize’ undeclared (first use in this function)
conftest.c:5: error: (Each undeclared identifier is reported only once
conftest.c:5: error: for each function it appears in.)
checked program was:
/* begin */
1: #include "ruby.h"
2: 
3: /*top*/
4: int main() {return 0;}
5: int t() { void ((*volatile p)()); p = (void ((*)()))sqlite3_initialize; return 0; }
/* end */

"/usr/local/bin/gcc-4.2 -o conftest -I/Users/dave/.rvm/rubies/ruby-1.9.3-p327/include/ruby-1.9.1/x86_64-darwin12.2.0 -I/Users/dave/.rvm/rubies/ruby-1.9.3-p327/include/ruby-1.9.1/ruby/backward -I/Users/dave/.rvm/rubies/ruby-1.9.3-p327/include/ruby-1.9.1 -I. -D_XOPEN_SOURCE -D_DARWIN_C_SOURCE   -I/Users/mpapis/.sm/pkg/active/include -pipe conftest.c  -L. -L/Users/dave/.rvm/rubies/ruby-1.9.3-p327/lib -L. -Bstatic -L/Users/mpapis/.sm/pkg/active/lib   -arch x86_64  -lsqlite3  -lruby-static -lsqlite3  -lpthread -ldl -lobjc "
ld: warning: directory not found for option '-L/Users/mpapis/.sm/pkg/active/lib'
checked program was:
/* begin */
1: #include "ruby.h"
2: 
3: /*top*/
4: int main() {return 0;}
5: int t() { sqlite3_initialize(); return 0; }
/* end */

--------------------

have_func: checking for sqlite3_backup_init()... -------------------- yes

"/usr/local/bin/gcc-4.2 -o conftest -I/Users/dave/.rvm/rubies/ruby-1.9.3-p327/include/ruby-1.9.1/x86_64-darwin12.2.0 -I/Users/dave/.rvm/rubies/ruby-1.9.3-p327/include/ruby-1.9.1/ruby/backward -I/Users/dave/.rvm/rubies/ruby-1.9.3-p327/include/ruby-1.9.1 -I. -D_XOPEN_SOURCE -D_DARWIN_C_SOURCE   -I/Users/mpapis/.sm/pkg/active/include -pipe conftest.c  -L. -L/Users/dave/.rvm/rubies/ruby-1.9.3-p327/lib -L. -Bstatic -L/Users/mpapis/.sm/pkg/active/lib   -arch x86_64  -lsqlite3  -lruby-static -lsqlite3  -lpthread -ldl -lobjc "
conftest.c: In function ‘t’:
conftest.c:5: error: ‘sqlite3_backup_init’ undeclared (first use in this function)
conftest.c:5: error: (Each undeclared identifier is reported only once
conftest.c:5: error: for each function it appears in.)
checked program was:
/* begin */
1: #include "ruby.h"
2: 
3: /*top*/
4: int main() {return 0;}
5: int t() { void ((*volatile p)()); p = (void ((*)()))sqlite3_backup_init; return 0; }
/* end */

"/usr/local/bin/gcc-4.2 -o conftest -I/Users/dave/.rvm/rubies/ruby-1.9.3-p327/include/ruby-1.9.1/x86_64-darwin12.2.0 -I/Users/dave/.rvm/rubies/ruby-1.9.3-p327/include/ruby-1.9.1/ruby/backward -I/Users/dave/.rvm/rubies/ruby-1.9.3-p327/include/ruby-1.9.1 -I. -D_XOPEN_SOURCE -D_DARWIN_C_SOURCE   -I/Users/mpapis/.sm/pkg/active/include -pipe conftest.c  -L. -L/Users/dave/.rvm/rubies/ruby-1.9.3-p327/lib -L. -Bstatic -L/Users/mpapis/.sm/pkg/active/lib   -arch x86_64  -lsqlite3  -lruby-static -lsqlite3  -lpthread -ldl -lobjc "
ld: warning: directory not found for option '-L/Users/mpapis/.sm/pkg/active/lib'
checked program was:
/* begin */
1: #include "ruby.h"
2: 
3: /*top*/
4: int main() {return 0;}
5: int t() { sqlite3_backup_init(); return 0; }
/* end */

--------------------

have_func: checking for sqlite3_column_database_name()... -------------------- no

"/usr/local/bin/gcc-4.2 -o conftest -I/Users/dave/.rvm/rubies/ruby-1.9.3-p327/include/ruby-1.9.1/x86_64-darwin12.2.0 -I/Users/dave/.rvm/rubies/ruby-1.9.3-p327/include/ruby-1.9.1/ruby/backward -I/Users/dave/.rvm/rubies/ruby-1.9.3-p327/include/ruby-1.9.1 -I. -D_XOPEN_SOURCE -D_DARWIN_C_SOURCE   -I/Users/mpapis/.sm/pkg/active/include -pipe conftest.c  -L. -L/Users/dave/.rvm/rubies/ruby-1.9.3-p327/lib -L. -Bstatic -L/Users/mpapis/.sm/pkg/active/lib   -arch x86_64  -lsqlite3  -lruby-static -lsqlite3  -lpthread -ldl -lobjc "
conftest.c: In function ‘t’:
conftest.c:5: error: ‘sqlite3_column_database_name’ undeclared (first use in this function)
conftest.c:5: error: (Each undeclared identifier is reported only once
conftest.c:5: error: for each function it appears in.)
checked program was:
/* begin */
1: #include "ruby.h"
2: 
3: /*top*/
4: int main() {return 0;}
5: int t() { void ((*volatile p)()); p = (void ((*)()))sqlite3_column_database_name; return 0; }
/* end */

"/usr/local/bin/gcc-4.2 -o conftest -I/Users/dave/.rvm/rubies/ruby-1.9.3-p327/include/ruby-1.9.1/x86_64-darwin12.2.0 -I/Users/dave/.rvm/rubies/ruby-1.9.3-p327/include/ruby-1.9.1/ruby/backward -I/Users/dave/.rvm/rubies/ruby-1.9.3-p327/include/ruby-1.9.1 -I. -D_XOPEN_SOURCE -D_DARWIN_C_SOURCE   -I/Users/mpapis/.sm/pkg/active/include -pipe conftest.c  -L. -L/Users/dave/.rvm/rubies/ruby-1.9.3-p327/lib -L. -Bstatic -L/Users/mpapis/.sm/pkg/active/lib   -arch x86_64  -lsqlite3  -lruby-static -lsqlite3  -lpthread -ldl -lobjc "
ld: warning: directory not found for option '-L/Users/mpapis/.sm/pkg/active/lib'
Undefined symbols for architecture x86_64:
  "_sqlite3_column_database_name", referenced from:
      _t in ccNGZIcv.o
ld: symbol(s) not found for architecture x86_64
collect2: ld returned 1 exit status
checked program was:
/* begin */
1: #include "ruby.h"
2: 
3: /*top*/
4: int main() {return 0;}
5: int t() { sqlite3_column_database_name(); return 0; }
/* end */

--------------------

have_func: checking for sqlite3_enable_load_extension()... -------------------- no

"/usr/local/bin/gcc-4.2 -o conftest -I/Users/dave/.rvm/rubies/ruby-1.9.3-p327/include/ruby-1.9.1/x86_64-darwin12.2.0 -I/Users/dave/.rvm/rubies/ruby-1.9.3-p327/include/ruby-1.9.1/ruby/backward -I/Users/dave/.rvm/rubies/ruby-1.9.3-p327/include/ruby-1.9.1 -I. -D_XOPEN_SOURCE -D_DARWIN_C_SOURCE   -I/Users/mpapis/.sm/pkg/active/include -pipe conftest.c  -L. -L/Users/dave/.rvm/rubies/ruby-1.9.3-p327/lib -L. -Bstatic -L/Users/mpapis/.sm/pkg/active/lib   -arch x86_64  -lsqlite3  -lruby-static -lsqlite3  -lpthread -ldl -lobjc "
conftest.c: In function ‘t’:
conftest.c:5: error: ‘sqlite3_enable_load_extension’ undeclared (first use in this function)
conftest.c:5: error: (Each undeclared identifier is reported only once
conftest.c:5: error: for each function it appears in.)
checked program was:
/* begin */
1: #include "ruby.h"
2: 
3: /*top*/
4: int main() {return 0;}
5: int t() { void ((*volatile p)()); p = (void ((*)()))sqlite3_enable_load_extension; return 0; }
/* end */

"/usr/local/bin/gcc-4.2 -o conftest -I/Users/dave/.rvm/rubies/ruby-1.9.3-p327/include/ruby-1.9.1/x86_64-darwin12.2.0 -I/Users/dave/.rvm/rubies/ruby-1.9.3-p327/include/ruby-1.9.1/ruby/backward -I/Users/dave/.rvm/rubies/ruby-1.9.3-p327/include/ruby-1.9.1 -I. -D_XOPEN_SOURCE -D_DARWIN_C_SOURCE   -I/Users/mpapis/.sm/pkg/active/include -pipe conftest.c  -L. -L/Users/dave/.rvm/rubies/ruby-1.9.3-p327/lib -L. -Bstatic -L/Users/mpapis/.sm/pkg/active/lib   -arch x86_64  -lsqlite3  -lruby-static -lsqlite3  -lpthread -ldl -lobjc "
ld: warning: directory not found for option '-L/Users/mpapis/.sm/pkg/active/lib'
Undefined symbols for architecture x86_64:
  "_sqlite3_enable_load_extension", referenced from:
      _t in cc8C4FSM.o
ld: symbol(s) not found for architecture x86_64
collect2: ld returned 1 exit status
checked program was:
/* begin */
1: #include "ruby.h"
2: 
3: /*top*/
4: int main() {return 0;}
5: int t() { sqlite3_enable_load_extension(); return 0; }
/* end */

--------------------

have_func: checking for sqlite3_load_extension()... -------------------- no

"/usr/local/bin/gcc-4.2 -o conftest -I/Users/dave/.rvm/rubies/ruby-1.9.3-p327/include/ruby-1.9.1/x86_64-darwin12.2.0 -I/Users/dave/.rvm/rubies/ruby-1.9.3-p327/include/ruby-1.9.1/ruby/backward -I/Users/dave/.rvm/rubies/ruby-1.9.3-p327/include/ruby-1.9.1 -I. -D_XOPEN_SOURCE -D_DARWIN_C_SOURCE   -I/Users/mpapis/.sm/pkg/active/include -pipe conftest.c  -L. -L/Users/dave/.rvm/rubies/ruby-1.9.3-p327/lib -L. -Bstatic -L/Users/mpapis/.sm/pkg/active/lib   -arch x86_64  -lsqlite3  -lruby-static -lsqlite3  -lpthread -ldl -lobjc "
conftest.c: In function ‘t’:
conftest.c:5: error: ‘sqlite3_load_extension’ undeclared (first use in this function)
conftest.c:5: error: (Each undeclared identifier is reported only once
conftest.c:5: error: for each function it appears in.)
checked program was:
/* begin */
1: #include "ruby.h"
2: 
3: /*top*/
4: int main() {return 0;}
5: int t() { void ((*volatile p)()); p = (void ((*)()))sqlite3_load_extension; return 0; }
/* end */

"/usr/local/bin/gcc-4.2 -o conftest -I/Users/dave/.rvm/rubies/ruby-1.9.3-p327/include/ruby-1.9.1/x86_64-darwin12.2.0 -I/Users/dave/.rvm/rubies/ruby-1.9.3-p327/include/ruby-1.9.1/ruby/backward -I/Users/dave/.rvm/rubies/ruby-1.9.3-p327/include/ruby-1.9.1 -I. -D_XOPEN_SOURCE -D_DARWIN_C_SOURCE   -I/Users/mpapis/.sm/pkg/active/include -pipe conftest.c  -L. -L/Users/dave/.rvm/rubies/ruby-1.9.3-p327/lib -L. -Bstatic -L/Users/mpapis/.sm/pkg/active/lib   -arch x86_64  -lsqlite3  -lruby-static -lsqlite3  -lpthread -ldl -lobjc "
ld: warning: directory not found for option '-L/Users/mpapis/.sm/pkg/active/lib'
Undefined symbols for architecture x86_64:
  "_sqlite3_load_extension", referenced from:
      _t in ccgkvaZN.o
ld: symbol(s) not found for architecture x86_64
collect2: ld returned 1 exit status
checked program was:
/* begin */
1: #include "ruby.h"
2: 
3: /*top*/
4: int main() {return 0;}
5: int t() { sqlite3_load_extension(); return 0; }
/* end */

--------------------

